<?xml version="1.0" encoding="UTF-8"?>
<!-- Generated by org.testng.reporters.JUnitXMLReporter -->
<testsuite hostname="DESKTOP-0IMA24S" ignored="0" name="Default test" tests="3" failures="0" timestamp="26 Sep 2018 20:03:42 GMT" time="36.617" errors="0">
  <testcase name="HalfEbayRegPage" time="2.701" classname="com.prac.tal.HalfEbayTest"/>
  <testcase name="HalfEbayRegPage" time="2.401" classname="com.prac.tal.HalfEbayTest"/>
  <testcase name="HalfEbayRegPage" time="3.109" classname="com.prac.tal.HalfEbayTest"/>
</testsuite> <!-- Default test -->
