<?xml version="1.0" encoding="UTF-8"?>
<!-- Generated by org.testng.reporters.JUnitXMLReporter -->
<testsuite hostname="DESKTOP-0IMA24S" ignored="0" name="Regression 1" tests="4" failures="0" timestamp="01 Jul 2018 05:13:42 GMT" time="20.077" errors="0">
  <testcase name="myTest2" time="10.025" classname="TestNGB9.ParallelMethod"/>
  <testcase name="myTest1" time="10.025" classname="TestNGB9.ParallelMethod"/>
  <testcase name="myTest3" time="10.025" classname="TestNGB9.ParallelMethod"/>
  <testcase name="myTest4" time="10.018" classname="TestNGB9.ParallelMethod"/>
</testsuite> <!-- Regression 1 -->
