<?xml version="1.0" encoding="UTF-8"?>
<testng-results skipped="0" failed="0" ignored="0" total="3" passed="3">
  <reporter-output>
  </reporter-output>
  <suite name="Default suite" duration-ms="36617" started-at="2018-09-26T20:03:05Z" finished-at="2018-09-26T20:03:42Z">
    <groups>
    </groups>
    <test name="Default test" duration-ms="36617" started-at="2018-09-26T20:03:05Z" finished-at="2018-09-26T20:03:42Z">
      <class name="com.prac.tal.HalfEbayTest">
        <test-method status="PASS" signature="SetUp()[pri:0, instance:com.prac.tal.HalfEbayTest@4b553d26]" name="SetUp" is-config="true" duration-ms="9690" started-at="2018-09-26T20:03:06Z" finished-at="2018-09-26T20:03:16Z">
          <reporter-output>
          </reporter-output>
        </test-method> <!-- SetUp -->
        <test-method status="PASS" signature="HalfEbayRegPage(java.lang.String, java.lang.String, java.lang.String, java.lang.String)[pri:0, instance:com.prac.tal.HalfEbayTest@4b553d26]" name="HalfEbayRegPage" duration-ms="2701" started-at="2018-09-26T20:03:16Z" data-provider="getData" finished-at="2018-09-26T20:03:18Z">
          <params>
            <param index="0">
              <value>
                <![CDATA[Tom]]>
              </value>
            </param>
            <param index="1">
              <value>
                <![CDATA[Peter]]>
              </value>
            </param>
            <param index="2">
              <value>
                <![CDATA[test12344@gmail.com]]>
              </value>
            </param>
            <param index="3">
              <value>
                <![CDATA[abc123131]]>
              </value>
            </param>
          </params>
          <reporter-output>
          </reporter-output>
        </test-method> <!-- HalfEbayRegPage -->
        <test-method status="PASS" signature="teardown()[pri:0, instance:com.prac.tal.HalfEbayTest@4b553d26]" name="teardown" is-config="true" duration-ms="861" started-at="2018-09-26T20:03:18Z" finished-at="2018-09-26T20:03:19Z">
          <reporter-output>
          </reporter-output>
        </test-method> <!-- teardown -->
        <test-method status="PASS" signature="SetUp()[pri:0, instance:com.prac.tal.HalfEbayTest@4b553d26]" name="SetUp" is-config="true" duration-ms="7691" started-at="2018-09-26T20:03:19Z" finished-at="2018-09-26T20:03:27Z">
          <reporter-output>
          </reporter-output>
        </test-method> <!-- SetUp -->
        <test-method status="PASS" signature="HalfEbayRegPage(java.lang.String, java.lang.String, java.lang.String, java.lang.String)[pri:0, instance:com.prac.tal.HalfEbayTest@4b553d26]" name="HalfEbayRegPage" duration-ms="2401" started-at="2018-09-26T20:03:27Z" data-provider="getData" finished-at="2018-09-26T20:03:29Z">
          <params>
            <param index="0">
              <value>
                <![CDATA[Tomy]]>
              </value>
            </param>
            <param index="1">
              <value>
                <![CDATA[Petery]]>
              </value>
            </param>
            <param index="2">
              <value>
                <![CDATA[test12@gmamil.com]]>
              </value>
            </param>
            <param index="3">
              <value>
                <![CDATA[def4234331]]>
              </value>
            </param>
          </params>
          <reporter-output>
          </reporter-output>
        </test-method> <!-- HalfEbayRegPage -->
        <test-method status="PASS" signature="teardown()[pri:0, instance:com.prac.tal.HalfEbayTest@4b553d26]" name="teardown" is-config="true" duration-ms="909" started-at="2018-09-26T20:03:29Z" finished-at="2018-09-26T20:03:30Z">
          <reporter-output>
          </reporter-output>
        </test-method> <!-- teardown -->
        <test-method status="PASS" signature="SetUp()[pri:0, instance:com.prac.tal.HalfEbayTest@4b553d26]" name="SetUp" is-config="true" duration-ms="7633" started-at="2018-09-26T20:03:30Z" finished-at="2018-09-26T20:03:38Z">
          <reporter-output>
          </reporter-output>
        </test-method> <!-- SetUp -->
        <test-method status="PASS" signature="HalfEbayRegPage(java.lang.String, java.lang.String, java.lang.String, java.lang.String)[pri:0, instance:com.prac.tal.HalfEbayTest@4b553d26]" name="HalfEbayRegPage" duration-ms="3109" started-at="2018-09-26T20:03:38Z" data-provider="getData" finished-at="2018-09-26T20:03:41Z">
          <params>
            <param index="0">
              <value>
                <![CDATA[Harshal]]>
              </value>
            </param>
            <param index="1">
              <value>
                <![CDATA[Kulkarni]]>
              </value>
            </param>
            <param index="2">
              <value>
                <![CDATA[hahah@gmail.com]]>
              </value>
            </param>
            <param index="3">
              <value>
                <![CDATA[asdf3432143]]>
              </value>
            </param>
          </params>
          <reporter-output>
          </reporter-output>
        </test-method> <!-- HalfEbayRegPage -->
        <test-method status="PASS" signature="teardown()[pri:0, instance:com.prac.tal.HalfEbayTest@4b553d26]" name="teardown" is-config="true" duration-ms="1061" started-at="2018-09-26T20:03:41Z" finished-at="2018-09-26T20:03:42Z">
          <reporter-output>
          </reporter-output>
        </test-method> <!-- teardown -->
      </class> <!-- com.prac.tal.HalfEbayTest -->
    </test> <!-- Default test -->
  </suite> <!-- Default suite -->
</testng-results>
