<?xml version="1.0" encoding="UTF-8"?>
<!-- Generated by org.testng.reporters.JUnitXMLReporter -->
<testsuite hostname="DESKTOP-0IMA24S" ignored="0" name="TestforParallel" tests="4" failures="0" timestamp="02 Jul 2018 11:40:38 GMT" time="2.055" errors="0">
  <testcase name="myTest1" time="1.032" classname="TestNGB9.ParallelClassA"/>
  <testcase name="myTest1" time="1.032" classname="TestNGB9.ParallelClassB"/>
  <testcase name="myTest2" time="1.008" classname="TestNGB9.ParallelClassB"/>
  <testcase name="myTest2" time="1.002" classname="TestNGB9.ParallelClassA"/>
</testsuite> <!-- TestforParallel -->
