<?xml version="1.0" encoding="UTF-8"?>
<!-- Generated by org.testng.reporters.JUnitXMLReporter -->
<testsuite hostname="DESKTOP-0IMA24S" ignored="0" name="Module" tests="7" failures="0" timestamp="01 Jul 2018 04:26:46 GMT" time="0.082" errors="0">
  <testcase name="test1" time="0.015" classname="TestNGB9.MyGroupA"/>
  <testcase name="test2" time="0.0" classname="TestNGB9.MyGroupA"/>
  <testcase name="test3" time="0.005" classname="TestNGB9.MyGroupA"/>
  <testcase name="test4" time="0.001" classname="TestNGB9.MyGroupA"/>
  <testcase name="test2" time="0.009" classname="TestNGB9.MyGroupB"/>
  <testcase name="test3" time="0.005" classname="TestNGB9.MyGroupB"/>
  <testcase name="test4" time="0.002" classname="TestNGB9.MyGroupB"/>
</testsuite> <!-- Module -->
