<?xml version="1.0" encoding="UTF-8"?>
<!-- Generated by org.testng.reporters.JUnitXMLReporter -->
<testsuite hostname="DESKTOP-0IMA24S" ignored="0" name="TestforParallel" tests="4" failures="0" timestamp="02 Jul 2018 11:37:26 GMT" time="20.073" errors="0">
  <testcase name="myTest1" time="10.013" classname="TestNGB9.ParallelClassB"/>
  <testcase name="myTest1" time="10.019" classname="TestNGB9.ParallelClassA"/>
  <testcase name="myTest2" time="10.001" classname="TestNGB9.ParallelClassB"/>
  <testcase name="myTest2" time="10.001" classname="TestNGB9.ParallelClassA"/>
</testsuite> <!-- TestforParallel -->
